# JRE version: Java(TM) SE Runtime Environment (7.0_67-b01) (build 1.7.0_67-b01)
# Java VM: Java HotSpot(TM) 64-Bit Server VM (24.65-b04 mixed mode linux-amd64 compressed oops)
Heap
 PSYoungGen      total 264704K, used 96K [0x00000007d6e80000, 0x00000007e7880000, 0x0000000800000000)
  eden space 257536K, 0% used [0x00000007d6e80000,0x00000007d6e80000,0x00000007e6a00000)
  from space 7168K, 1% used [0x00000007e6a00000,0x00000007e6a18000,0x00000007e7100000)
  to   space 6656K, 0% used [0x00000007e7100000,0x00000007e7100000,0x00000007e7780000)
 ParOldGen       total 83968K, used 4566K [0x0000000784c00000, 0x0000000789e00000, 0x00000007d6e80000)
  object space 83968K, 5% used [0x0000000784c00000,0x0000000785075be0,0x0000000789e00000)
 PSPermGen       total 21504K, used 12453K [0x000000077fa00000, 0x0000000780f00000, 0x0000000784c00000)
  object space 21504K, 57% used [0x000000077fa00000,0x0000000780629748,0x0000000780f00000)
GC Heap History (10 events):
Event: 16.217 GC heap after
Heap after GC invocations=4 (full 0):
 PSYoungGen      total 69632K, used 4528K [0x00000007d6e80000, 0x00000007db780000, 0x0000000800000000)
  eden space 64512K, 0% used [0x00000007d6e80000,0x00000007d6e80000,0x00000007dad80000)
  from space 5120K, 88% used [0x00000007db280000,0x00000007db6ec1e0,0x00000007db780000)
  to   space 5120K, 0% used [0x00000007dad80000,0x00000007dad80000,0x00000007db280000)
 ParOldGen       total 83968K, used 196K [0x0000000784c00000, 0x0000000789e00000, 0x00000007d6e80000)
  object space 83968K, 0% used [0x0000000784c00000,0x0000000784c31320,0x0000000789e00000)
 PSPermGen       total 21504K, used 12309K [0x000000077fa00000, 0x0000000780f00000, 0x0000000784c00000)
  object space 21504K, 57% used [0x000000077fa00000,0x0000000780605620,0x0000000780f00000)
}
Event: 16.321 GC heap before
{Heap before GC invocations=5 (full 0):
 PSYoungGen      total 69632K, used 69040K [0x00000007d6e80000, 0x00000007db780000, 0x0000000800000000)
  eden space 64512K, 100% used [0x00000007d6e80000,0x00000007dad80000,0x00000007dad80000)
  from space 5120K, 88% used [0x00000007db280000,0x00000007db6ec1e0,0x00000007db780000)
  to   space 5120K, 0% used [0x00000007dad80000,0x00000007dad80000,0x00000007db280000)
 ParOldGen       total 83968K, used 196K [0x0000000784c00000, 0x0000000789e00000, 0x00000007d6e80000)
  object space 83968K, 0% used [0x0000000784c00000,0x0000000784c31320,0x0000000789e00000)
 PSPermGen       total 21504K, used 12451K [0x000000077fa00000, 0x0000000780f00000, 0x0000000784c00000)
  object space 21504K, 57% used [0x000000077fa00000,0x0000000780628cf8,0x0000000780f00000)
Event: 16.340 GC heap after
Heap after GC invocations=5 (full 0):
 PSYoungGen      total 69632K, used 4448K [0x00000007d6e80000, 0x00000007df780000, 0x0000000800000000)
  eden space 64512K, 0% used [0x00000007d6e80000,0x00000007d6e80000,0x00000007dad80000)
  from space 5120K, 86% used [0x00000007dad80000,0x00000007db1d81b0,0x00000007db280000)
  to   space 5632K, 0% used [0x00000007df200000,0x00000007df200000,0x00000007df780000)
 ParOldGen       total 83968K, used 196K [0x0000000784c00000, 0x0000000789e00000, 0x00000007d6e80000)
  object space 83968K, 0% used [0x0000000784c00000,0x0000000784c31320,0x0000000789e00000)
 PSPermGen       total 21504K, used 12451K [0x000000077fa00000, 0x0000000780f00000, 0x0000000784c00000)
  object space 21504K, 57% used [0x000000077fa00000,0x0000000780628cf8,0x0000000780f00000)
}
Event: 16.389 GC heap before
{Heap before GC invocations=6 (full 0):
 PSYoungGen      total 69632K, used 68960K [0x00000007d6e80000, 0x00000007df780000, 0x0000000800000000)
  eden space 64512K, 100% used [0x00000007d6e80000,0x00000007dad80000,0x00000007dad80000)
  from space 5120K, 86% used [0x00000007dad80000,0x00000007db1d81b0,0x00000007db280000)
  to   space 5632K, 0% used [0x00000007df200000,0x00000007df200000,0x00000007df780000)
 ParOldGen       total 83968K, used 196K [0x0000000784c00000, 0x0000000789e00000, 0x00000007d6e80000)
  object space 83968K, 0% used [0x0000000784c00000,0x0000000784c31320,0x0000000789e00000)
 PSPermGen       total 21504K, used 12451K [0x000000077fa00000, 0x0000000780f00000, 0x0000000784c00000)
  object space 21504K, 57% used [0x000000077fa00000,0x0000000780628cf8,0x0000000780f00000)
Event: 16.406 GC heap after
Heap after GC invocations=6 (full 0):
 PSYoungGen      total 134656K, used 4400K [0x00000007d6e80000, 0x00000007df780000, 0x0000000800000000)
  eden space 129024K, 0% used [0x00000007d6e80000,0x00000007d6e80000,0x00000007dec80000)
  from space 5632K, 78% used [0x00000007df200000,0x00000007df64c180,0x00000007df780000)
  to   space 5632K, 0% used [0x00000007dec80000,0x00000007dec80000,0x00000007df200000)
 ParOldGen       total 83968K, used 196K [0x0000000784c00000, 0x0000000789e00000, 0x00000007d6e80000)
  object space 83968K, 0% used [0x0000000784c00000,0x0000000784c31320,0x0000000789e00000)
 PSPermGen       total 21504K, used 12451K [0x000000077fa00000, 0x0000000780f00000, 0x0000000784c00000)
  object space 21504K, 57% used [0x000000077fa00000,0x0000000780628cf8,0x0000000780f00000)
}
Event: 16.627 GC heap before
{Heap before GC invocations=7 (full 0):
 PSYoungGen      total 134656K, used 133424K [0x00000007d6e80000, 0x00000007df780000, 0x0000000800000000)
  eden space 129024K, 100% used [0x00000007d6e80000,0x00000007dec80000,0x00000007dec80000)
  from space 5632K, 78% used [0x00000007df200000,0x00000007df64c180,0x00000007df780000)
  to   space 5632K, 0% used [0x00000007dec80000,0x00000007dec80000,0x00000007df200000)
 ParOldGen       total 83968K, used 196K [0x0000000784c00000, 0x0000000789e00000, 0x00000007d6e80000)
  object space 83968K, 0% used [0x0000000784c00000,0x0000000784c31320,0x0000000789e00000)
 PSPermGen       total 21504K, used 12451K [0x000000077fa00000, 0x0000000780f00000, 0x0000000784c00000)
  object space 21504K, 57% used [0x000000077fa00000,0x0000000780628cf8,0x0000000780f00000)
Event: 16.668 GC heap after
Heap after GC invocations=7 (full 0):
 PSYoungGen      total 134656K, used 160K [0x00000007d6e80000, 0x00000007e7780000, 0x0000000800000000)
  eden space 129024K, 0% used [0x00000007d6e80000,0x00000007d6e80000,0x00000007dec80000)
  from space 5632K, 2% used [0x00000007dec80000,0x00000007deca8020,0x00000007df200000)
  to   space 6656K, 0% used [0x00000007e7100000,0x00000007e7100000,0x00000007e7780000)
 ParOldGen       total 83968K, used 4522K [0x0000000784c00000, 0x0000000789e00000, 0x00000007d6e80000)
  object space 83968K, 5% used [0x0000000784c00000,0x000000078506abd0,0x0000000789e00000)
 PSPermGen       total 21504K, used 12451K [0x000000077fa00000, 0x0000000780f00000, 0x0000000784c00000)
  object space 21504K, 57% used [0x000000077fa00000,0x0000000780628cf8,0x0000000780f00000)
}
Event: 16.802 GC heap before
{Heap before GC invocations=8 (full 0):
 PSYoungGen      total 134656K, used 129184K [0x00000007d6e80000, 0x00000007e7780000, 0x0000000800000000)
  eden space 129024K, 100% used [0x00000007d6e80000,0x00000007dec80000,0x00000007dec80000)
  from space 5632K, 2% used [0x00000007dec80000,0x00000007deca8020,0x00000007df200000)
  to   space 6656K, 0% used [0x00000007e7100000,0x00000007e7100000,0x00000007e7780000)
 ParOldGen       total 83968K, used 4522K [0x0000000784c00000, 0x0000000789e00000, 0x00000007d6e80000)
  object space 83968K, 5% used [0x0000000784c00000,0x000000078506abd0,0x0000000789e00000)
 PSPermGen       total 21504K, used 12451K [0x000000077fa00000, 0x0000000780f00000, 0x0000000784c00000)
  object space 21504K, 57% used [0x000000077fa00000,0x0000000780628cf8,0x0000000780f00000)
Event: 16.838 GC heap after
Heap after GC invocations=8 (full 0):
 PSYoungGen      total 264192K, used 160K [0x00000007d6e80000, 0x00000007e7880000, 0x0000000800000000)
  eden space 257536K, 0% used [0x00000007d6e80000,0x00000007d6e80000,0x00000007e6a00000)
  from space 6656K, 2% used [0x00000007e7100000,0x00000007e7128020,0x00000007e7780000)
  to   space 7168K, 0% used [0x00000007e6a00000,0x00000007e6a00000,0x00000007e7100000)
 ParOldGen       total 83968K, used 4538K [0x0000000784c00000, 0x0000000789e00000, 0x00000007d6e80000)
  object space 83968K, 5% used [0x0000000784c00000,0x000000078506ebd0,0x0000000789e00000)
 PSPermGen       total 21504K, used 12451K [0x000000077fa00000, 0x0000000780f00000, 0x0000000784c00000)
  object space 21504K, 57% used [0x000000077fa00000,0x0000000780628cf8,0x0000000780f00000)
}
Event: 17.442 GC heap before
{Heap before GC invocations=9 (full 0):
 PSYoungGen      total 264192K, used 257696K [0x00000007d6e80000, 0x00000007e7880000, 0x0000000800000000)
  eden space 257536K, 100% used [0x00000007d6e80000,0x00000007e6a00000,0x00000007e6a00000)
  from space 6656K, 2% used [0x00000007e7100000,0x00000007e7128020,0x00000007e7780000)
  to   space 7168K, 0% used [0x00000007e6a00000,0x00000007e6a00000,0x00000007e7100000)
 ParOldGen       total 83968K, used 4538K [0x0000000784c00000, 0x0000000789e00000, 0x00000007d6e80000)
  object space 83968K, 5% used [0x0000000784c00000,0x000000078506ebd0,0x0000000789e00000)
 PSPermGen       total 21504K, used 12453K [0x000000077fa00000, 0x0000000780f00000, 0x0000000784c00000)
  object space 21504K, 57% used [0x000000077fa00000,0x0000000780629748,0x0000000780f00000)

