# JRE version: Java(TM) SE Runtime Environment (7.0_67-b01) (build 1.7.0_67-b01)
# Java VM: Java HotSpot(TM) 64-Bit Server VM (24.65-b04 mixed mode linux-amd64 compressed oops)
Heap
 PSYoungGen      total 419328K, used 144K [0x00000007d6e80000, 0x00000007f0f00000, 0x0000000800000000)
  eden space 412160K, 0% used [0x00000007d6e80000,0x00000007d6e80000,0x00000007f0100000)
  from space 7168K, 2% used [0x00000007f0100000,0x00000007f0124010,0x00000007f0800000)
  to   space 7168K, 0% used [0x00000007f0800000,0x00000007f0800000,0x00000007f0f00000)
 ParOldGen       total 83968K, used 4415K [0x0000000784c00000, 0x0000000789e00000, 0x00000007d6e80000)
  object space 83968K, 5% used [0x0000000784c00000,0x000000078504fcc0,0x0000000789e00000)
 PSPermGen       total 21504K, used 12457K [0x000000077fa00000, 0x0000000780f00000, 0x0000000784c00000)
  object space 21504K, 57% used [0x000000077fa00000,0x000000078062a6f8,0x0000000780f00000)
GC Heap History (10 events):
Event: 15.804 GC heap after
Heap after GC invocations=6 (full 0):
 PSYoungGen      total 134144K, used 4464K [0x00000007d6e80000, 0x00000007df680000, 0x0000000800000000)
  eden space 129024K, 0% used [0x00000007d6e80000,0x00000007d6e80000,0x00000007dec80000)
  from space 5120K, 87% used [0x00000007df180000,0x00000007df5dc180,0x00000007df680000)
  to   space 5120K, 0% used [0x00000007dec80000,0x00000007dec80000,0x00000007df180000)
 ParOldGen       total 83968K, used 16K [0x0000000784c00000, 0x0000000789e00000, 0x00000007d6e80000)
  object space 83968K, 0% used [0x0000000784c00000,0x0000000784c04000,0x0000000789e00000)
 PSPermGen       total 21504K, used 12410K [0x000000077fa00000, 0x0000000780f00000, 0x0000000784c00000)
  object space 21504K, 57% used [0x000000077fa00000,0x000000078061e8e0,0x0000000780f00000)
}
Event: 16.078 GC heap before
{Heap before GC invocations=7 (full 0):
 PSYoungGen      total 134144K, used 133488K [0x00000007d6e80000, 0x00000007df680000, 0x0000000800000000)
  eden space 129024K, 100% used [0x00000007d6e80000,0x00000007dec80000,0x00000007dec80000)
  from space 5120K, 87% used [0x00000007df180000,0x00000007df5dc180,0x00000007df680000)
  to   space 5120K, 0% used [0x00000007dec80000,0x00000007dec80000,0x00000007df180000)
 ParOldGen       total 83968K, used 16K [0x0000000784c00000, 0x0000000789e00000, 0x00000007d6e80000)
  object space 83968K, 0% used [0x0000000784c00000,0x0000000784c04000,0x0000000789e00000)
 PSPermGen       total 21504K, used 12455K [0x000000077fa00000, 0x0000000780f00000, 0x0000000784c00000)
  object space 21504K, 57% used [0x000000077fa00000,0x0000000780629f00,0x0000000780f00000)
Event: 16.117 GC heap after
Heap after GC invocations=7 (full 0):
 PSYoungGen      total 134144K, used 192K [0x00000007d6e80000, 0x00000007e7680000, 0x0000000800000000)
  eden space 129024K, 0% used [0x00000007d6e80000,0x00000007d6e80000,0x00000007dec80000)
  from space 5120K, 3% used [0x00000007dec80000,0x00000007decb0020,0x00000007df180000)
  to   space 6144K, 0% used [0x00000007e7080000,0x00000007e7080000,0x00000007e7680000)
 ParOldGen       total 83968K, used 4351K [0x0000000784c00000, 0x0000000789e00000, 0x00000007d6e80000)
  object space 83968K, 5% used [0x0000000784c00000,0x000000078503fcb0,0x0000000789e00000)
 PSPermGen       total 21504K, used 12455K [0x000000077fa00000, 0x0000000780f00000, 0x0000000784c00000)
  object space 21504K, 57% used [0x000000077fa00000,0x0000000780629f00,0x0000000780f00000)
}
Event: 16.237 GC heap before
{Heap before GC invocations=8 (full 0):
 PSYoungGen      total 134144K, used 129216K [0x00000007d6e80000, 0x00000007e7680000, 0x0000000800000000)
  eden space 129024K, 100% used [0x00000007d6e80000,0x00000007dec80000,0x00000007dec80000)
  from space 5120K, 3% used [0x00000007dec80000,0x00000007decb0020,0x00000007df180000)
  to   space 6144K, 0% used [0x00000007e7080000,0x00000007e7080000,0x00000007e7680000)
 ParOldGen       total 83968K, used 4351K [0x0000000784c00000, 0x0000000789e00000, 0x00000007d6e80000)
  object space 83968K, 5% used [0x0000000784c00000,0x000000078503fcb0,0x0000000789e00000)
 PSPermGen       total 21504K, used 12455K [0x000000077fa00000, 0x0000000780f00000, 0x0000000784c00000)
  object space 21504K, 57% used [0x000000077fa00000,0x0000000780629f00,0x0000000780f00000)
Event: 16.247 GC heap after
Heap after GC invocations=8 (full 0):
 PSYoungGen      total 263680K, used 144K [0x00000007d6e80000, 0x00000007e7780000, 0x0000000800000000)
  eden space 257536K, 0% used [0x00000007d6e80000,0x00000007d6e80000,0x00000007e6a00000)
  from space 6144K, 2% used [0x00000007e7080000,0x00000007e70a4010,0x00000007e7680000)
  to   space 6656K, 0% used [0x00000007e6a00000,0x00000007e6a00000,0x00000007e7080000)
 ParOldGen       total 83968K, used 4351K [0x0000000784c00000, 0x0000000789e00000, 0x00000007d6e80000)
  object space 83968K, 5% used [0x0000000784c00000,0x000000078503fcb0,0x0000000789e00000)
 PSPermGen       total 21504K, used 12455K [0x000000077fa00000, 0x0000000780f00000, 0x0000000784c00000)
  object space 21504K, 57% used [0x000000077fa00000,0x0000000780629f00,0x0000000780f00000)
}
Event: 16.740 GC heap before
{Heap before GC invocations=9 (full 0):
 PSYoungGen      total 263680K, used 257680K [0x00000007d6e80000, 0x00000007e7780000, 0x0000000800000000)
  eden space 257536K, 100% used [0x00000007d6e80000,0x00000007e6a00000,0x00000007e6a00000)
  from space 6144K, 2% used [0x00000007e7080000,0x00000007e70a4010,0x00000007e7680000)
  to   space 6656K, 0% used [0x00000007e6a00000,0x00000007e6a00000,0x00000007e7080000)
 ParOldGen       total 83968K, used 4351K [0x0000000784c00000, 0x0000000789e00000, 0x00000007d6e80000)
  object space 83968K, 5% used [0x0000000784c00000,0x000000078503fcb0,0x0000000789e00000)
 PSPermGen       total 21504K, used 12455K [0x000000077fa00000, 0x0000000780f00000, 0x0000000784c00000)
  object space 21504K, 57% used [0x000000077fa00000,0x0000000780629f00,0x0000000780f00000)
Event: 16.747 GC heap after
Heap after GC invocations=9 (full 0):
 PSYoungGen      total 264192K, used 144K [0x00000007d6e80000, 0x00000007f0f00000, 0x0000000800000000)
  eden space 257536K, 0% used [0x00000007d6e80000,0x00000007d6e80000,0x00000007e6a00000)
  from space 6656K, 2% used [0x00000007e6a00000,0x00000007e6a24010,0x00000007e7080000)
  to   space 7168K, 0% used [0x00000007f0800000,0x00000007f0800000,0x00000007f0f00000)
 ParOldGen       total 83968K, used 4367K [0x0000000784c00000, 0x0000000789e00000, 0x00000007d6e80000)
  object space 83968K, 5% used [0x0000000784c00000,0x0000000785043cb0,0x0000000789e00000)
 PSPermGen       total 21504K, used 12455K [0x000000077fa00000, 0x0000000780f00000, 0x0000000784c00000)
  object space 21504K, 57% used [0x000000077fa00000,0x0000000780629f00,0x0000000780f00000)
}
Event: 17.056 GC heap before
{Heap before GC invocations=10 (full 0):
 PSYoungGen      total 264192K, used 257680K [0x00000007d6e80000, 0x00000007f0f00000, 0x0000000800000000)
  eden space 257536K, 100% used [0x00000007d6e80000,0x00000007e6a00000,0x00000007e6a00000)
  from space 6656K, 2% used [0x00000007e6a00000,0x00000007e6a24010,0x00000007e7080000)
  to   space 7168K, 0% used [0x00000007f0800000,0x00000007f0800000,0x00000007f0f00000)
 ParOldGen       total 83968K, used 4367K [0x0000000784c00000, 0x0000000789e00000, 0x00000007d6e80000)
  object space 83968K, 5% used [0x0000000784c00000,0x0000000785043cb0,0x0000000789e00000)
 PSPermGen       total 21504K, used 12457K [0x000000077fa00000, 0x0000000780f00000, 0x0000000784c00000)
  object space 21504K, 57% used [0x000000077fa00000,0x000000078062a6f8,0x0000000780f00000)
Event: 17.096 GC heap after
Heap after GC invocations=10 (full 0):
 PSYoungGen      total 419328K, used 96K [0x00000007d6e80000, 0x00000007f0f00000, 0x0000000800000000)
  eden space 412160K, 0% used [0x00000007d6e80000,0x00000007d6e80000,0x00000007f0100000)
  from space 7168K, 1% used [0x00000007f0800000,0x00000007f0818000,0x00000007f0f00000)
  to   space 7168K, 0% used [0x00000007f0100000,0x00000007f0100000,0x00000007f0800000)
 ParOldGen       total 83968K, used 4399K [0x0000000784c00000, 0x0000000789e00000, 0x00000007d6e80000)
  object space 83968K, 5% used [0x0000000784c00000,0x000000078504bcc0,0x0000000789e00000)
 PSPermGen       total 21504K, used 12457K [0x000000077fa00000, 0x0000000780f00000, 0x0000000784c00000)
  object space 21504K, 57% used [0x000000077fa00000,0x000000078062a6f8,0x0000000780f00000)
}
Event: 19.372 GC heap before
{Heap before GC invocations=11 (full 0):
 PSYoungGen      total 419328K, used 412256K [0x00000007d6e80000, 0x00000007f0f00000, 0x0000000800000000)
  eden space 412160K, 100% used [0x00000007d6e80000,0x00000007f0100000,0x00000007f0100000)
  from space 7168K, 1% used [0x00000007f0800000,0x00000007f0818000,0x00000007f0f00000)
  to   space 7168K, 0% used [0x00000007f0100000,0x00000007f0100000,0x00000007f0800000)
 ParOldGen       total 83968K, used 4399K [0x0000000784c00000, 0x0000000789e00000, 0x00000007d6e80000)
  object space 83968K, 5% used [0x0000000784c00000,0x000000078504bcc0,0x0000000789e00000)
 PSPermGen       total 21504K, used 12457K [0x000000077fa00000, 0x0000000780f00000, 0x0000000784c00000)
  object space 21504K, 57% used [0x000000077fa00000,0x000000078062a6f8,0x0000000780f00000)

