# JRE version: Java(TM) SE Runtime Environment (7.0_67-b01) (build 1.7.0_67-b01)
# Java VM: Java HotSpot(TM) 64-Bit Server VM (24.65-b04 mixed mode linux-amd64 compressed oops)
Heap
 PSYoungGen      total 263680K, used 192K [0x00000007d6e80000, 0x00000007e7580000, 0x0000000800000000)
  eden space 258048K, 0% used [0x00000007d6e80000,0x00000007d6e80000,0x00000007e6a80000)
  from space 5632K, 3% used [0x00000007e6a80000,0x00000007e6ab0020,0x00000007e7000000)
  to   space 5632K, 0% used [0x00000007e7000000,0x00000007e7000000,0x00000007e7580000)
 ParOldGen       total 83968K, used 4351K [0x0000000784c00000, 0x0000000789e00000, 0x00000007d6e80000)
  object space 83968K, 5% used [0x0000000784c00000,0x000000078503fd50,0x0000000789e00000)
 PSPermGen       total 21504K, used 12461K [0x000000077fa00000, 0x0000000780f00000, 0x0000000784c00000)
  object space 21504K, 57% used [0x000000077fa00000,0x000000078062b738,0x0000000780f00000)
GC Heap History (10 events):
Event: 16.324 GC heap after
Heap after GC invocations=2 (full 0):
 PSYoungGen      total 69632K, used 4896K [0x00000007d6e80000, 0x00000007db780000, 0x0000000800000000)
  eden space 64512K, 0% used [0x00000007d6e80000,0x00000007d6e80000,0x00000007dad80000)
  from space 5120K, 95% used [0x00000007db280000,0x00000007db748258,0x00000007db780000)
  to   space 5120K, 0% used [0x00000007dad80000,0x00000007dad80000,0x00000007db280000)
 ParOldGen       total 83968K, used 16K [0x0000000784c00000, 0x0000000789e00000, 0x00000007d6e80000)
  object space 83968K, 0% used [0x0000000784c00000,0x0000000784c04000,0x0000000789e00000)
 PSPermGen       total 21504K, used 12296K [0x000000077fa00000, 0x0000000780f00000, 0x0000000784c00000)
  object space 21504K, 57% used [0x000000077fa00000,0x0000000780602248,0x0000000780f00000)
}
Event: 17.638 GC heap before
{Heap before GC invocations=3 (full 0):
 PSYoungGen      total 69632K, used 69408K [0x00000007d6e80000, 0x00000007db780000, 0x0000000800000000)
  eden space 64512K, 100% used [0x00000007d6e80000,0x00000007dad80000,0x00000007dad80000)
  from space 5120K, 95% used [0x00000007db280000,0x00000007db748258,0x00000007db780000)
  to   space 5120K, 0% used [0x00000007dad80000,0x00000007dad80000,0x00000007db280000)
 ParOldGen       total 83968K, used 16K [0x0000000784c00000, 0x0000000789e00000, 0x00000007d6e80000)
  object space 83968K, 0% used [0x0000000784c00000,0x0000000784c04000,0x0000000789e00000)
 PSPermGen       total 21504K, used 12312K [0x000000077fa00000, 0x0000000780f00000, 0x0000000784c00000)
  object space 21504K, 57% used [0x000000077fa00000,0x00000007806063c8,0x0000000780f00000)
Event: 17.703 GC heap after
Heap after GC invocations=3 (full 0):
 PSYoungGen      total 69632K, used 4464K [0x00000007d6e80000, 0x00000007df680000, 0x0000000800000000)
  eden space 64512K, 0% used [0x00000007d6e80000,0x00000007d6e80000,0x00000007dad80000)
  from space 5120K, 87% used [0x00000007dad80000,0x00000007db1dc1c0,0x00000007db280000)
  to   space 5120K, 0% used [0x00000007df180000,0x00000007df180000,0x00000007df680000)
 ParOldGen       total 83968K, used 24K [0x0000000784c00000, 0x0000000789e00000, 0x00000007d6e80000)
  object space 83968K, 0% used [0x0000000784c00000,0x0000000784c06000,0x0000000789e00000)
 PSPermGen       total 21504K, used 12312K [0x000000077fa00000, 0x0000000780f00000, 0x0000000784c00000)
  object space 21504K, 57% used [0x000000077fa00000,0x00000007806063c8,0x0000000780f00000)
}
Event: 17.839 GC heap before
{Heap before GC invocations=4 (full 0):
 PSYoungGen      total 69632K, used 68976K [0x00000007d6e80000, 0x00000007df680000, 0x0000000800000000)
  eden space 64512K, 100% used [0x00000007d6e80000,0x00000007dad80000,0x00000007dad80000)
  from space 5120K, 87% used [0x00000007dad80000,0x00000007db1dc1c0,0x00000007db280000)
  to   space 5120K, 0% used [0x00000007df180000,0x00000007df180000,0x00000007df680000)
 ParOldGen       total 83968K, used 24K [0x0000000784c00000, 0x0000000789e00000, 0x00000007d6e80000)
  object space 83968K, 0% used [0x0000000784c00000,0x0000000784c06000,0x0000000789e00000)
 PSPermGen       total 21504K, used 12315K [0x000000077fa00000, 0x0000000780f00000, 0x0000000784c00000)
  object space 21504K, 57% used [0x000000077fa00000,0x0000000780606d40,0x0000000780f00000)
Event: 17.889 GC heap after
Heap after GC invocations=4 (full 0):
 PSYoungGen      total 134144K, used 4496K [0x00000007d6e80000, 0x00000007df680000, 0x0000000800000000)
  eden space 129024K, 0% used [0x00000007d6e80000,0x00000007d6e80000,0x00000007dec80000)
  from space 5120K, 87% used [0x00000007df180000,0x00000007df5e41c0,0x00000007df680000)
  to   space 5120K, 0% used [0x00000007dec80000,0x00000007dec80000,0x00000007df180000)
 ParOldGen       total 83968K, used 32K [0x0000000784c00000, 0x0000000789e00000, 0x00000007d6e80000)
  object space 83968K, 0% used [0x0000000784c00000,0x0000000784c08000,0x0000000789e00000)
 PSPermGen       total 21504K, used 12315K [0x000000077fa00000, 0x0000000780f00000, 0x0000000784c00000)
  object space 21504K, 57% used [0x000000077fa00000,0x0000000780606d40,0x0000000780f00000)
}
Event: 18.635 GC heap before
{Heap before GC invocations=5 (full 0):
 PSYoungGen      total 134144K, used 133520K [0x00000007d6e80000, 0x00000007df680000, 0x0000000800000000)
  eden space 129024K, 100% used [0x00000007d6e80000,0x00000007dec80000,0x00000007dec80000)
  from space 5120K, 87% used [0x00000007df180000,0x00000007df5e41c0,0x00000007df680000)
  to   space 5120K, 0% used [0x00000007dec80000,0x00000007dec80000,0x00000007df180000)
 ParOldGen       total 83968K, used 32K [0x0000000784c00000, 0x0000000789e00000, 0x00000007d6e80000)
  object space 83968K, 0% used [0x0000000784c00000,0x0000000784c08000,0x0000000789e00000)
 PSPermGen       total 21504K, used 12459K [0x000000077fa00000, 0x0000000780f00000, 0x0000000784c00000)
  object space 21504K, 57% used [0x000000077fa00000,0x000000078062af40,0x0000000780f00000)
Event: 18.689 GC heap after
Heap after GC invocations=5 (full 0):
 PSYoungGen      total 134144K, used 4512K [0x00000007d6e80000, 0x00000007e7580000, 0x0000000800000000)
  eden space 129024K, 0% used [0x00000007d6e80000,0x00000007d6e80000,0x00000007dec80000)
  from space 5120K, 88% used [0x00000007dec80000,0x00000007df0e81a0,0x00000007df180000)
  to   space 5632K, 0% used [0x00000007e7000000,0x00000007e7000000,0x00000007e7580000)
 ParOldGen       total 83968K, used 32K [0x0000000784c00000, 0x0000000789e00000, 0x00000007d6e80000)
  object space 83968K, 0% used [0x0000000784c00000,0x0000000784c08000,0x0000000789e00000)
 PSPermGen       total 21504K, used 12459K [0x000000077fa00000, 0x0000000780f00000, 0x0000000784c00000)
  object space 21504K, 57% used [0x000000077fa00000,0x000000078062af40,0x0000000780f00000)
}
Event: 18.887 GC heap before
{Heap before GC invocations=6 (full 0):
 PSYoungGen      total 134144K, used 133536K [0x00000007d6e80000, 0x00000007e7580000, 0x0000000800000000)
  eden space 129024K, 100% used [0x00000007d6e80000,0x00000007dec80000,0x00000007dec80000)
  from space 5120K, 88% used [0x00000007dec80000,0x00000007df0e81a0,0x00000007df180000)
  to   space 5632K, 0% used [0x00000007e7000000,0x00000007e7000000,0x00000007e7580000)
 ParOldGen       total 83968K, used 32K [0x0000000784c00000, 0x0000000789e00000, 0x00000007d6e80000)
  object space 83968K, 0% used [0x0000000784c00000,0x0000000784c08000,0x0000000789e00000)
 PSPermGen       total 21504K, used 12459K [0x000000077fa00000, 0x0000000780f00000, 0x0000000784c00000)
  object space 21504K, 57% used [0x000000077fa00000,0x000000078062af40,0x0000000780f00000)
Event: 18.965 GC heap after
Heap after GC invocations=6 (full 0):
 PSYoungGen      total 263680K, used 4576K [0x00000007d6e80000, 0x00000007e7580000, 0x0000000800000000)
  eden space 258048K, 0% used [0x00000007d6e80000,0x00000007d6e80000,0x00000007e6a80000)
  from space 5632K, 81% used [0x00000007e7000000,0x00000007e7478190,0x00000007e7580000)
  to   space 5632K, 0% used [0x00000007e6a80000,0x00000007e6a80000,0x00000007e7000000)
 ParOldGen       total 83968K, used 32K [0x0000000784c00000, 0x0000000789e00000, 0x00000007d6e80000)
  object space 83968K, 0% used [0x0000000784c00000,0x0000000784c08000,0x0000000789e00000)
 PSPermGen       total 21504K, used 12459K [0x000000077fa00000, 0x0000000780f00000, 0x0000000784c00000)
  object space 21504K, 57% used [0x000000077fa00000,0x000000078062af40,0x0000000780f00000)
}
Event: 20.114 GC heap before
{Heap before GC invocations=7 (full 0):
 PSYoungGen      total 263680K, used 262624K [0x00000007d6e80000, 0x00000007e7580000, 0x0000000800000000)
  eden space 258048K, 100% used [0x00000007d6e80000,0x00000007e6a80000,0x00000007e6a80000)
  from space 5632K, 81% used [0x00000007e7000000,0x00000007e7478190,0x00000007e7580000)
  to   space 5632K, 0% used [0x00000007e6a80000,0x00000007e6a80000,0x00000007e7000000)
 ParOldGen       total 83968K, used 32K [0x0000000784c00000, 0x0000000789e00000, 0x00000007d6e80000)
  object space 83968K, 0% used [0x0000000784c00000,0x0000000784c08000,0x0000000789e00000)
 PSPermGen       total 21504K, used 12461K [0x000000077fa00000, 0x0000000780f00000, 0x0000000784c00000)
  object space 21504K, 57% used [0x000000077fa00000,0x000000078062b738,0x0000000780f00000)

