# JRE version: Java(TM) SE Runtime Environment (7.0_67-b01) (build 1.7.0_67-b01)
# Java VM: Java HotSpot(TM) 64-Bit Server VM (24.65-b04 mixed mode linux-amd64 compressed oops)
Heap
 PSYoungGen      total 264192K, used 64K [0x00000007d6e80000, 0x00000007e7780000, 0x0000000800000000)
  eden space 257536K, 0% used [0x00000007d6e80000,0x00000007d6e80000,0x00000007e6a00000)
  from space 6656K, 0% used [0x00000007e6a00000,0x00000007e6a10000,0x00000007e7080000)
  to   space 6144K, 0% used [0x00000007e7080000,0x00000007e7080000,0x00000007e7680000)
 ParOldGen       total 83968K, used 4387K [0x0000000784c00000, 0x0000000789e00000, 0x00000007d6e80000)
  object space 83968K, 5% used [0x0000000784c00000,0x0000000785048d50,0x0000000789e00000)
 PSPermGen       total 21504K, used 12469K [0x000000077fa00000, 0x0000000780f00000, 0x0000000784c00000)
  object space 21504K, 57% used [0x000000077fa00000,0x000000078062d510,0x0000000780f00000)
GC Heap History (10 events):
Event: 18.004 GC heap after
Heap after GC invocations=4 (full 0):
 PSYoungGen      total 69632K, used 4480K [0x00000007d6e80000, 0x00000007db780000, 0x0000000800000000)
  eden space 64512K, 0% used [0x00000007d6e80000,0x00000007d6e80000,0x00000007dad80000)
  from space 5120K, 87% used [0x00000007db280000,0x00000007db6e01b0,0x00000007db780000)
  to   space 5120K, 0% used [0x00000007dad80000,0x00000007dad80000,0x00000007db280000)
 ParOldGen       total 83968K, used 16K [0x0000000784c00000, 0x0000000789e00000, 0x00000007d6e80000)
  object space 83968K, 0% used [0x0000000784c00000,0x0000000784c04000,0x0000000789e00000)
 PSPermGen       total 21504K, used 12312K [0x000000077fa00000, 0x0000000780f00000, 0x0000000784c00000)
  object space 21504K, 57% used [0x000000077fa00000,0x0000000780606290,0x0000000780f00000)
}
Event: 18.336 GC heap before
{Heap before GC invocations=5 (full 0):
 PSYoungGen      total 69632K, used 68992K [0x00000007d6e80000, 0x00000007db780000, 0x0000000800000000)
  eden space 64512K, 100% used [0x00000007d6e80000,0x00000007dad80000,0x00000007dad80000)
  from space 5120K, 87% used [0x00000007db280000,0x00000007db6e01b0,0x00000007db780000)
  to   space 5120K, 0% used [0x00000007dad80000,0x00000007dad80000,0x00000007db280000)
 ParOldGen       total 83968K, used 16K [0x0000000784c00000, 0x0000000789e00000, 0x00000007d6e80000)
  object space 83968K, 0% used [0x0000000784c00000,0x0000000784c04000,0x0000000789e00000)
 PSPermGen       total 21504K, used 12317K [0x000000077fa00000, 0x0000000780f00000, 0x0000000784c00000)
  object space 21504K, 57% used [0x000000077fa00000,0x0000000780607400,0x0000000780f00000)
Event: 18.395 GC heap after
Heap after GC invocations=5 (full 0):
 PSYoungGen      total 69632K, used 4512K [0x00000007d6e80000, 0x00000007df780000, 0x0000000800000000)
  eden space 64512K, 0% used [0x00000007d6e80000,0x00000007d6e80000,0x00000007dad80000)
  from space 5120K, 88% used [0x00000007dad80000,0x00000007db1e81d0,0x00000007db280000)
  to   space 5632K, 0% used [0x00000007df200000,0x00000007df200000,0x00000007df780000)
 ParOldGen       total 83968K, used 16K [0x0000000784c00000, 0x0000000789e00000, 0x00000007d6e80000)
  object space 83968K, 0% used [0x0000000784c00000,0x0000000784c04000,0x0000000789e00000)
 PSPermGen       total 21504K, used 12317K [0x000000077fa00000, 0x0000000780f00000, 0x0000000784c00000)
  object space 21504K, 57% used [0x000000077fa00000,0x0000000780607400,0x0000000780f00000)
}
Event: 18.498 GC heap before
{Heap before GC invocations=6 (full 0):
 PSYoungGen      total 69632K, used 69024K [0x00000007d6e80000, 0x00000007df780000, 0x0000000800000000)
  eden space 64512K, 100% used [0x00000007d6e80000,0x00000007dad80000,0x00000007dad80000)
  from space 5120K, 88% used [0x00000007dad80000,0x00000007db1e81d0,0x00000007db280000)
  to   space 5632K, 0% used [0x00000007df200000,0x00000007df200000,0x00000007df780000)
 ParOldGen       total 83968K, used 16K [0x0000000784c00000, 0x0000000789e00000, 0x00000007d6e80000)
  object space 83968K, 0% used [0x0000000784c00000,0x0000000784c04000,0x0000000789e00000)
 PSPermGen       total 21504K, used 12411K [0x000000077fa00000, 0x0000000780f00000, 0x0000000784c00000)
  object space 21504K, 57% used [0x000000077fa00000,0x000000078061ec88,0x0000000780f00000)
Event: 18.539 GC heap after
Heap after GC invocations=6 (full 0):
 PSYoungGen      total 134656K, used 4416K [0x00000007d6e80000, 0x00000007df780000, 0x0000000800000000)
  eden space 129024K, 0% used [0x00000007d6e80000,0x00000007d6e80000,0x00000007dec80000)
  from space 5632K, 78% used [0x00000007df200000,0x00000007df6501b0,0x00000007df780000)
  to   space 5632K, 0% used [0x00000007dec80000,0x00000007dec80000,0x00000007df200000)
 ParOldGen       total 83968K, used 16K [0x0000000784c00000, 0x0000000789e00000, 0x00000007d6e80000)
  object space 83968K, 0% used [0x0000000784c00000,0x0000000784c04000,0x0000000789e00000)
 PSPermGen       total 21504K, used 12411K [0x000000077fa00000, 0x0000000780f00000, 0x0000000784c00000)
  object space 21504K, 57% used [0x000000077fa00000,0x000000078061ec88,0x0000000780f00000)
}
Event: 19.082 GC heap before
{Heap before GC invocations=7 (full 0):
 PSYoungGen      total 134656K, used 133440K [0x00000007d6e80000, 0x00000007df780000, 0x0000000800000000)
  eden space 129024K, 100% used [0x00000007d6e80000,0x00000007dec80000,0x00000007dec80000)
  from space 5632K, 78% used [0x00000007df200000,0x00000007df6501b0,0x00000007df780000)
  to   space 5632K, 0% used [0x00000007dec80000,0x00000007dec80000,0x00000007df200000)
 ParOldGen       total 83968K, used 16K [0x0000000784c00000, 0x0000000789e00000, 0x00000007d6e80000)
  object space 83968K, 0% used [0x0000000784c00000,0x0000000784c04000,0x0000000789e00000)
 PSPermGen       total 21504K, used 12461K [0x000000077fa00000, 0x0000000780f00000, 0x0000000784c00000)
  object space 21504K, 57% used [0x000000077fa00000,0x000000078062b450,0x0000000780f00000)
Event: 19.112 GC heap after
Heap after GC invocations=7 (full 0):
 PSYoungGen      total 134656K, used 128K [0x00000007d6e80000, 0x00000007e7680000, 0x0000000800000000)
  eden space 129024K, 0% used [0x00000007d6e80000,0x00000007d6e80000,0x00000007dec80000)
  from space 5632K, 2% used [0x00000007dec80000,0x00000007deca0010,0x00000007df200000)
  to   space 6144K, 0% used [0x00000007e7080000,0x00000007e7080000,0x00000007e7680000)
 ParOldGen       total 83968K, used 4339K [0x0000000784c00000, 0x0000000789e00000, 0x00000007d6e80000)
  object space 83968K, 5% used [0x0000000784c00000,0x000000078503cd50,0x0000000789e00000)
 PSPermGen       total 21504K, used 12461K [0x000000077fa00000, 0x0000000780f00000, 0x0000000784c00000)
  object space 21504K, 57% used [0x000000077fa00000,0x000000078062b450,0x0000000780f00000)
}
Event: 19.265 GC heap before
{Heap before GC invocations=8 (full 0):
 PSYoungGen      total 134656K, used 129152K [0x00000007d6e80000, 0x00000007e7680000, 0x0000000800000000)
  eden space 129024K, 100% used [0x00000007d6e80000,0x00000007dec80000,0x00000007dec80000)
  from space 5632K, 2% used [0x00000007dec80000,0x00000007deca0010,0x00000007df200000)
  to   space 6144K, 0% used [0x00000007e7080000,0x00000007e7080000,0x00000007e7680000)
 ParOldGen       total 83968K, used 4339K [0x0000000784c00000, 0x0000000789e00000, 0x00000007d6e80000)
  object space 83968K, 5% used [0x0000000784c00000,0x000000078503cd50,0x0000000789e00000)
 PSPermGen       total 21504K, used 12461K [0x000000077fa00000, 0x0000000780f00000, 0x0000000784c00000)
  object space 21504K, 57% used [0x000000077fa00000,0x000000078062b548,0x0000000780f00000)
Event: 19.269 GC heap after
Heap after GC invocations=8 (full 0):
 PSYoungGen      total 263680K, used 96K [0x00000007d6e80000, 0x00000007e7780000, 0x0000000800000000)
  eden space 257536K, 0% used [0x00000007d6e80000,0x00000007d6e80000,0x00000007e6a00000)
  from space 6144K, 1% used [0x00000007e7080000,0x00000007e7098000,0x00000007e7680000)
  to   space 6656K, 0% used [0x00000007e6a00000,0x00000007e6a00000,0x00000007e7080000)
 ParOldGen       total 83968K, used 4363K [0x0000000784c00000, 0x0000000789e00000, 0x00000007d6e80000)
  object space 83968K, 5% used [0x0000000784c00000,0x0000000785042d50,0x0000000789e00000)
 PSPermGen       total 21504K, used 12461K [0x000000077fa00000, 0x0000000780f00000, 0x0000000784c00000)
  object space 21504K, 57% used [0x000000077fa00000,0x000000078062b548,0x0000000780f00000)
}
Event: 19.890 GC heap before
{Heap before GC invocations=9 (full 0):
 PSYoungGen      total 263680K, used 257632K [0x00000007d6e80000, 0x00000007e7780000, 0x0000000800000000)
  eden space 257536K, 100% used [0x00000007d6e80000,0x00000007e6a00000,0x00000007e6a00000)
  from space 6144K, 1% used [0x00000007e7080000,0x00000007e7098000,0x00000007e7680000)
  to   space 6656K, 0% used [0x00000007e6a00000,0x00000007e6a00000,0x00000007e7080000)
 ParOldGen       total 83968K, used 4363K [0x0000000784c00000, 0x0000000789e00000, 0x00000007d6e80000)
  object space 83968K, 5% used [0x0000000784c00000,0x0000000785042d50,0x0000000789e00000)
 PSPermGen       total 21504K, used 12469K [0x000000077fa00000, 0x0000000780f00000, 0x0000000784c00000)
  object space 21504K, 57% used [0x000000077fa00000,0x000000078062d510,0x0000000780f00000)

