# JRE version: Java(TM) SE Runtime Environment (7.0_67-b01) (build 1.7.0_67-b01)
# Java VM: Java HotSpot(TM) 64-Bit Server VM (24.65-b04 mixed mode linux-amd64 compressed oops)
Heap
 PSYoungGen      total 263680K, used 144K [0x00000007d6e80000, 0x00000007e7580000, 0x0000000800000000)
  eden space 258048K, 0% used [0x00000007d6e80000,0x00000007d6e80000,0x00000007e6a80000)
  from space 5632K, 2% used [0x00000007e6a80000,0x00000007e6aa4010,0x00000007e7000000)
  to   space 5632K, 0% used [0x00000007e7000000,0x00000007e7000000,0x00000007e7580000)
 ParOldGen       total 83968K, used 4437K [0x0000000784c00000, 0x0000000789e00000, 0x00000007d6e80000)
  object space 83968K, 5% used [0x0000000784c00000,0x0000000785055490,0x0000000789e00000)
 PSPermGen       total 21504K, used 12456K [0x000000077fa00000, 0x0000000780f00000, 0x0000000784c00000)
  object space 21504K, 57% used [0x000000077fa00000,0x000000078062a2f8,0x0000000780f00000)
GC Heap History (10 events):
Event: 15.484 GC heap after
Heap after GC invocations=2 (full 0):
 PSYoungGen      total 69632K, used 4832K [0x00000007d6e80000, 0x00000007db780000, 0x0000000800000000)
  eden space 64512K, 0% used [0x00000007d6e80000,0x00000007d6e80000,0x00000007dad80000)
  from space 5120K, 94% used [0x00000007db280000,0x00000007db738218,0x00000007db780000)
  to   space 5120K, 0% used [0x00000007dad80000,0x00000007dad80000,0x00000007db280000)
 ParOldGen       total 83968K, used 105K [0x0000000784c00000, 0x0000000789e00000, 0x00000007d6e80000)
  object space 83968K, 0% used [0x0000000784c00000,0x0000000784c1a750,0x0000000789e00000)
 PSPermGen       total 21504K, used 12309K [0x000000077fa00000, 0x0000000780f00000, 0x0000000784c00000)
  object space 21504K, 57% used [0x000000077fa00000,0x00000007806057b0,0x0000000780f00000)
}
Event: 15.894 GC heap before
{Heap before GC invocations=3 (full 0):
 PSYoungGen      total 69632K, used 69344K [0x00000007d6e80000, 0x00000007db780000, 0x0000000800000000)
  eden space 64512K, 100% used [0x00000007d6e80000,0x00000007dad80000,0x00000007dad80000)
  from space 5120K, 94% used [0x00000007db280000,0x00000007db738218,0x00000007db780000)
  to   space 5120K, 0% used [0x00000007dad80000,0x00000007dad80000,0x00000007db280000)
 ParOldGen       total 83968K, used 105K [0x0000000784c00000, 0x0000000789e00000, 0x00000007d6e80000)
  object space 83968K, 0% used [0x0000000784c00000,0x0000000784c1a750,0x0000000789e00000)
 PSPermGen       total 21504K, used 12309K [0x000000077fa00000, 0x0000000780f00000, 0x0000000784c00000)
  object space 21504K, 57% used [0x000000077fa00000,0x00000007806057b0,0x0000000780f00000)
Event: 15.923 GC heap after
Heap after GC invocations=3 (full 0):
 PSYoungGen      total 69632K, used 4496K [0x00000007d6e80000, 0x00000007df680000, 0x0000000800000000)
  eden space 64512K, 0% used [0x00000007d6e80000,0x00000007d6e80000,0x00000007dad80000)
  from space 5120K, 87% used [0x00000007dad80000,0x00000007db1e41a0,0x00000007db280000)
  to   space 5120K, 0% used [0x00000007df180000,0x00000007df180000,0x00000007df680000)
 ParOldGen       total 83968K, used 113K [0x0000000784c00000, 0x0000000789e00000, 0x00000007d6e80000)
  object space 83968K, 0% used [0x0000000784c00000,0x0000000784c1c750,0x0000000789e00000)
 PSPermGen       total 21504K, used 12309K [0x000000077fa00000, 0x0000000780f00000, 0x0000000784c00000)
  object space 21504K, 57% used [0x000000077fa00000,0x00000007806057b0,0x0000000780f00000)
}
Event: 15.997 GC heap before
{Heap before GC invocations=4 (full 0):
 PSYoungGen      total 69632K, used 69008K [0x00000007d6e80000, 0x00000007df680000, 0x0000000800000000)
  eden space 64512K, 100% used [0x00000007d6e80000,0x00000007dad80000,0x00000007dad80000)
  from space 5120K, 87% used [0x00000007dad80000,0x00000007db1e41a0,0x00000007db280000)
  to   space 5120K, 0% used [0x00000007df180000,0x00000007df180000,0x00000007df680000)
 ParOldGen       total 83968K, used 113K [0x0000000784c00000, 0x0000000789e00000, 0x00000007d6e80000)
  object space 83968K, 0% used [0x0000000784c00000,0x0000000784c1c750,0x0000000789e00000)
 PSPermGen       total 21504K, used 12309K [0x000000077fa00000, 0x0000000780f00000, 0x0000000784c00000)
  object space 21504K, 57% used [0x000000077fa00000,0x00000007806057b0,0x0000000780f00000)
Event: 16.025 GC heap after
Heap after GC invocations=4 (full 0):
 PSYoungGen      total 134144K, used 4496K [0x00000007d6e80000, 0x00000007df680000, 0x0000000800000000)
  eden space 129024K, 0% used [0x00000007d6e80000,0x00000007d6e80000,0x00000007dec80000)
  from space 5120K, 87% used [0x00000007df180000,0x00000007df5e41a0,0x00000007df680000)
  to   space 5120K, 0% used [0x00000007dec80000,0x00000007dec80000,0x00000007df180000)
 ParOldGen       total 83968K, used 113K [0x0000000784c00000, 0x0000000789e00000, 0x00000007d6e80000)
  object space 83968K, 0% used [0x0000000784c00000,0x0000000784c1c750,0x0000000789e00000)
 PSPermGen       total 21504K, used 12309K [0x000000077fa00000, 0x0000000780f00000, 0x0000000784c00000)
  object space 21504K, 57% used [0x000000077fa00000,0x00000007806057b0,0x0000000780f00000)
}
Event: 16.471 GC heap before
{Heap before GC invocations=5 (full 0):
 PSYoungGen      total 134144K, used 133520K [0x00000007d6e80000, 0x00000007df680000, 0x0000000800000000)
  eden space 129024K, 100% used [0x00000007d6e80000,0x00000007dec80000,0x00000007dec80000)
  from space 5120K, 87% used [0x00000007df180000,0x00000007df5e41a0,0x00000007df680000)
  to   space 5120K, 0% used [0x00000007dec80000,0x00000007dec80000,0x00000007df180000)
 ParOldGen       total 83968K, used 113K [0x0000000784c00000, 0x0000000789e00000, 0x00000007d6e80000)
  object space 83968K, 0% used [0x0000000784c00000,0x0000000784c1c750,0x0000000789e00000)
 PSPermGen       total 21504K, used 12456K [0x000000077fa00000, 0x0000000780f00000, 0x0000000784c00000)
  object space 21504K, 57% used [0x000000077fa00000,0x000000078062a2f8,0x0000000780f00000)
Event: 16.495 GC heap after
Heap after GC invocations=5 (full 0):
 PSYoungGen      total 134144K, used 4416K [0x00000007d6e80000, 0x00000007e7580000, 0x0000000800000000)
  eden space 129024K, 0% used [0x00000007d6e80000,0x00000007d6e80000,0x00000007dec80000)
  from space 5120K, 86% used [0x00000007dec80000,0x00000007df0d01b0,0x00000007df180000)
  to   space 5632K, 0% used [0x00000007e7000000,0x00000007e7000000,0x00000007e7580000)
 ParOldGen       total 83968K, used 113K [0x0000000784c00000, 0x0000000789e00000, 0x00000007d6e80000)
  object space 83968K, 0% used [0x0000000784c00000,0x0000000784c1c750,0x0000000789e00000)
 PSPermGen       total 21504K, used 12456K [0x000000077fa00000, 0x0000000780f00000, 0x0000000784c00000)
  object space 21504K, 57% used [0x000000077fa00000,0x000000078062a2f8,0x0000000780f00000)
}
Event: 16.629 GC heap before
{Heap before GC invocations=6 (full 0):
 PSYoungGen      total 134144K, used 133440K [0x00000007d6e80000, 0x00000007e7580000, 0x0000000800000000)
  eden space 129024K, 100% used [0x00000007d6e80000,0x00000007dec80000,0x00000007dec80000)
  from space 5120K, 86% used [0x00000007dec80000,0x00000007df0d01b0,0x00000007df180000)
  to   space 5632K, 0% used [0x00000007e7000000,0x00000007e7000000,0x00000007e7580000)
 ParOldGen       total 83968K, used 113K [0x0000000784c00000, 0x0000000789e00000, 0x00000007d6e80000)
  object space 83968K, 0% used [0x0000000784c00000,0x0000000784c1c750,0x0000000789e00000)
 PSPermGen       total 21504K, used 12456K [0x000000077fa00000, 0x0000000780f00000, 0x0000000784c00000)
  object space 21504K, 57% used [0x000000077fa00000,0x000000078062a2f8,0x0000000780f00000)
Event: 16.665 GC heap after
Heap after GC invocations=6 (full 0):
 PSYoungGen      total 263680K, used 4544K [0x00000007d6e80000, 0x00000007e7580000, 0x0000000800000000)
  eden space 258048K, 0% used [0x00000007d6e80000,0x00000007d6e80000,0x00000007e6a80000)
  from space 5632K, 80% used [0x00000007e7000000,0x00000007e74701d0,0x00000007e7580000)
  to   space 5632K, 0% used [0x00000007e6a80000,0x00000007e6a80000,0x00000007e7000000)
 ParOldGen       total 83968K, used 113K [0x0000000784c00000, 0x0000000789e00000, 0x00000007d6e80000)
  object space 83968K, 0% used [0x0000000784c00000,0x0000000784c1c750,0x0000000789e00000)
 PSPermGen       total 21504K, used 12456K [0x000000077fa00000, 0x0000000780f00000, 0x0000000784c00000)
  object space 21504K, 57% used [0x000000077fa00000,0x000000078062a2f8,0x0000000780f00000)
}
Event: 17.269 GC heap before
{Heap before GC invocations=7 (full 0):
 PSYoungGen      total 263680K, used 262592K [0x00000007d6e80000, 0x00000007e7580000, 0x0000000800000000)
  eden space 258048K, 100% used [0x00000007d6e80000,0x00000007e6a80000,0x00000007e6a80000)
  from space 5632K, 80% used [0x00000007e7000000,0x00000007e74701d0,0x00000007e7580000)
  to   space 5632K, 0% used [0x00000007e6a80000,0x00000007e6a80000,0x00000007e7000000)
 ParOldGen       total 83968K, used 113K [0x0000000784c00000, 0x0000000789e00000, 0x00000007d6e80000)
  object space 83968K, 0% used [0x0000000784c00000,0x0000000784c1c750,0x0000000789e00000)
 PSPermGen       total 21504K, used 12456K [0x000000077fa00000, 0x0000000780f00000, 0x0000000784c00000)
  object space 21504K, 57% used [0x000000077fa00000,0x000000078062a2f8,0x0000000780f00000)

